This is pdfTeX, Version 3.141592653-2.6-1.40.22 (TeX Live 2022/dev/Debian) (preloaded format=pdflatex 2025.3.18)  1 APR 2025 21:33
entering extended mode
 restricted \write18 enabled.
 file:line:error style messages enabled.
 %&-line parsing enabled.
**/home/kajetan/Documents/GraphColoring/pseudocode/pseudocode.tex
(/home/kajetan/Documents/GraphColoring/pseudocode/pseudocode.tex
LaTeX2e <2021-11-15> patch level 1
L3 programming layer <2022-01-21> (/usr/share/texlive/texmf-dist/tex/latex/base/article.cls
Document Class: article 2021/10/04 v1.4n Standard LaTeX document class
(/usr/share/texlive/texmf-dist/tex/latex/base/size10.clo
File: size10.clo 2021/10/04 v1.4n Standard LaTeX file (size option)
)
\c@part=\count185
\c@section=\count186
\c@subsection=\count187
\c@subsubsection=\count188
\c@paragraph=\count189
\c@subparagraph=\count190
\c@figure=\count191
\c@table=\count192
\abovecaptionskip=\skip47
\belowcaptionskip=\skip48
\bibindent=\dimen138
) (/usr/share/texlive/texmf-dist/tex/latex/algorithms/algorithm.sty
Package: algorithm 2009/08/24 v0.1 Document Style `algorithm' - floating environment
 (/usr/share/texlive/texmf-dist/tex/latex/float/float.sty
Package: float 2001/11/08 v1.3d Float enhancements (AL)
\c@float@type=\count193
\float@exts=\toks16
\float@box=\box50
\@float@everytoks=\toks17
\@floatcapt=\box51
) (/usr/share/texlive/texmf-dist/tex/latex/base/ifthen.sty
Package: ifthen 2020/11/24 v1.1c Standard LaTeX ifthen package (DPC)
)
\@float@every@algorithm=\toks18
\c@algorithm=\count194
) (/usr/share/texlive/texmf-dist/tex/latex/algorithms/algorithmic.sty
Package: algorithmic 2009/08/24 v0.1 Document Style `algorithmic'
 (/usr/share/texlive/texmf-dist/tex/latex/graphics/keyval.sty
Package: keyval 2014/10/28 v1.15 key=value parser (DPC)
\KV@toks@=\toks19
)
\c@ALC@unique=\count195
\c@ALC@line=\count196
\c@ALC@rem=\count197
\c@ALC@depth=\count198
\ALC@tlm=\skip49
\algorithmicindent=\skip50
) (/usr/share/texlive/texmf-dist/tex/latex/l3backend/l3backend-pdftex.def
File: l3backend-pdftex.def 2022-01-12 L3 backend support: PDF output (pdfTeX)
\l__color_backend_stack_int=\count199
\l__pdf_internal_box=\box52
) (./pseudocode.aux)
\openout1 = `pseudocode.aux'.

LaTeX Font Info:    Checking defaults for OML/cmm/m/it on input line 5.
LaTeX Font Info:    ... okay on input line 5.
LaTeX Font Info:    Checking defaults for OMS/cmsy/m/n on input line 5.
LaTeX Font Info:    ... okay on input line 5.
LaTeX Font Info:    Checking defaults for OT1/cmr/m/n on input line 5.
LaTeX Font Info:    ... okay on input line 5.
LaTeX Font Info:    Checking defaults for T1/cmr/m/n on input line 5.
LaTeX Font Info:    ... okay on input line 5.
LaTeX Font Info:    Checking defaults for TS1/cmr/m/n on input line 5.
LaTeX Font Info:    ... okay on input line 5.
LaTeX Font Info:    Checking defaults for OMX/cmex/m/n on input line 5.
LaTeX Font Info:    ... okay on input line 5.
LaTeX Font Info:    Checking defaults for U/cmr/m/n on input line 5.
LaTeX Font Info:    ... okay on input line 5.
LaTeX Font Info:    External font `cmex10' loaded for size
(Font)              <7> on input line 24.
LaTeX Font Info:    External font `cmex10' loaded for size
(Font)              <5> on input line 24.

/home/kajetan/Documents/GraphColoring/pseudocode/pseudocode.tex:121: Undefined control sequence.
l.121             \BREAK
                        
The control sequence at the end of the top line
of your error message was never \def'ed. If you have
misspelled it (e.g., `\hobx'), type `I' and the correct
spelling (e.g., `I\hbox'). Otherwise just continue,
and I'll forget about whatever was undefined.


/home/kajetan/Documents/GraphColoring/pseudocode/pseudocode.tex:122: LaTeX Error: Something's wrong--perhaps a missing \item.

See the LaTeX manual or LaTeX Companion for explanation.
Type  H <return>  for immediate help.
 ...                                              
                                                  
l.122         \ENDIF
                    
Try typing  <return>  to proceed.
If that doesn't work, type  X <return>  to quit.


LaTeX Warning: Float too large for page by 32.42215pt on input line 185.


Overfull \hbox (46.1756pt too wide) in paragraph at lines 216--217
[] []$\OML/cmm/m/it/10 temperature \OMS/cmsy/m/n/10   \OML/cmm/m/it/10 get[]temperature\OT1/cmr/m/n/10 (\OML/cmm/m/it/10 initial[]temp; attempts; max[]iterations; schedule\OT1/cmr/m/n/10 )$ 
 []

/home/kajetan/Documents/GraphColoring/pseudocode/pseudocode.tex:231: Undefined control sequence.
l.231 \STATE $best\_solution \gets \text
                                        {max}(population, \text{key fitness})$
The control sequence at the end of the top line
of your error message was never \def'ed. If you have
misspelled it (e.g., `\hobx'), type `I' and the correct
spelling (e.g., `I\hbox'). Otherwise just continue,
and I'll forget about whatever was undefined.

/home/kajetan/Documents/GraphColoring/pseudocode/pseudocode.tex:231: Undefined control sequence.
l.231 ...lution \gets \text{max}(population, \text
                                                  {key fitness})$
The control sequence at the end of the top line
of your error message was never \def'ed. If you have
misspelled it (e.g., `\hobx'), type `I' and the correct
spelling (e.g., `I\hbox'). Otherwise just continue,
and I'll forget about whatever was undefined.

/home/kajetan/Documents/GraphColoring/pseudocode/pseudocode.tex:244: Undefined control sequence.
l.244         \STATE $parent1, parent2 \gets \text
                                                  {select parents from top h...
The control sequence at the end of the top line
of your error message was never \def'ed. If you have
misspelled it (e.g., `\hobx'), type `I' and the correct
spelling (e.g., `I\hbox'). Otherwise just continue,
and I'll forget about whatever was undefined.


Underfull \hbox (badness 10000) in paragraph at lines 265--266
[] []\OT1/cmr/bx/n/10 return  \OT1/cmr/m/n/10 best so-lu-tion with fit-ness 0,
 []

/home/kajetan/Documents/GraphColoring/pseudocode/pseudocode.tex:270: Undefined control sequence.
l.270     \STATE $best\_solution \gets \text
                                            {max}(population, \text{key fitn...
The control sequence at the end of the top line
of your error message was never \def'ed. If you have
misspelled it (e.g., `\hobx'), type `I' and the correct
spelling (e.g., `I\hbox'). Otherwise just continue,
and I'll forget about whatever was undefined.

/home/kajetan/Documents/GraphColoring/pseudocode/pseudocode.tex:270: Undefined control sequence.
l.270 ...lution \gets \text{max}(population, \text
                                                  {key fitness})$
The control sequence at the end of the top line
of your error message was never \def'ed. If you have
misspelled it (e.g., `\hobx'), type `I' and the correct
spelling (e.g., `I\hbox'). Otherwise just continue,
and I'll forget about whatever was undefined.


LaTeX Warning: Float too large for page by 32.42215pt on input line 275.

/home/kajetan/Documents/GraphColoring/pseudocode/pseudocode.tex:293: Undefined control sequence.
l.293 ...st\_solution \gets \max(population, \text
                                                  {key} = \lambda x: x.fitne...
The control sequence at the end of the top line
of your error message was never \def'ed. If you have
misspelled it (e.g., `\hobx'), type `I' and the correct
spelling (e.g., `I\hbox'). Otherwise just continue,
and I'll forget about whatever was undefined.


Underfull \hbox (badness 3907) in paragraph at lines 301--301
[] []\OT1/cmr/bx/n/10 if $\OML/cmm/m/it/10 termination[]type \OT1/cmr/m/n/10 = \OML/cmm/m/it/10 TerminationType:GENERATIONS$ \OT1/cmr/m/n/10 and
 []


Underfull \hbox (badness 10000) in paragraph at lines 308--309
[] []$\OML/cmm/m/it/10 parent\OT1/cmr/m/n/10 1\OML/cmm/m/it/10 ; parent\OT1/cmr/m/n/10 2 \OMS/cmsy/m/n/10   \OML/cmm/m/it/10 random:sample\OT1/cmr/m/n/10 (\OML/cmm/m/it/10 population\OT1/cmr/m/n/10 [:
 []


Overfull \hbox (49.00731pt too wide) in paragraph at lines 325--326
[] []$\OML/cmm/m/it/10 offspring[]fitnesses \OMS/cmsy/m/n/10   \OML/cmm/m/it/10 evaluate[]population[]parallel\OT1/cmr/m/n/10 (\OML/cmm/m/it/10 G; offspring[]colorings; pool\OT1/cmr/m/n/10 )$ 
 []


Underfull \hbox (badness 2111) in paragraph at lines 334--335
[] []$\OML/cmm/m/it/10 best[]coloring \OMS/cmsy/m/n/10   \OML/cmm/m/it/10 child\OT1/cmr/m/n/10 1[]\OML/cmm/m/it/10 coloring$ \OT1/cmr/m/n/10 if $\OML/cmm/m/it/10 child\OT1/cmr/m/n/10 1[]\OML/cmm/m/it/10 fitness \OT1/cmr/m/n/10 = 0$ else
 []

/home/kajetan/Documents/GraphColoring/pseudocode/pseudocode.tex:342: Undefined control sequence.
l.342 ...urrent\_best \gets \max(population, \text
                                                  {key} = \lambda x: x.fitne...
The control sequence at the end of the top line
of your error message was never \def'ed. If you have
misspelled it (e.g., `\hobx'), type `I' and the correct
spelling (e.g., `I\hbox'). Otherwise just continue,
and I'll forget about whatever was undefined.


LaTeX Warning: Float too large for page by 344.42215pt on input line 350.


Underfull \hbox (badness 2913) in paragraph at lines 355--356
[] []\OT1/cmr/m/n/10 Graph $\OML/cmm/m/it/10 G$\OT1/cmr/m/n/10 , Num-ber of Is-lands $\OML/cmm/m/it/10 num[]islands$\OT1/cmr/m/n/10 , Mi-gra-tion Rate
 []

/home/kajetan/Documents/GraphColoring/pseudocode/pseudocode.tex:374: Undefined control sequence.
l.374 ...t\_solution \gets \max(\max(island, \text
                                                  {key} = \lambda x: x.fitne...
The control sequence at the end of the top line
of your error message was never \def'ed. If you have
misspelled it (e.g., `\hobx'), type `I' and the correct
spelling (e.g., `I\hbox'). Otherwise just continue,
and I'll forget about whatever was undefined.

/home/kajetan/Documents/GraphColoring/pseudocode/pseudocode.tex:374: Undefined control sequence.
l.374 ... \text{key} = \lambda x: x.fitness) \text
                                                  { for each island in } isl...
The control sequence at the end of the top line
of your error message was never \def'ed. If you have
misspelled it (e.g., `\hobx'), type `I' and the correct
spelling (e.g., `I\hbox'). Otherwise just continue,
and I'll forget about whatever was undefined.


Underfull \hbox (badness 10000) in paragraph at lines 374--375
[] []$\OML/cmm/m/it/10 best[]solution \OMS/cmsy/m/n/10   []\OT1/cmr/m/n/10 ([](\OML/cmm/m/it/10 island; [] \OT1/cmr/m/n/10 = \OML/cmm/m/it/10 ^^Ux \OT1/cmr/m/n/10 :
 []

/home/kajetan/Documents/GraphColoring/pseudocode/pseudocode.tex:380: Undefined control sequence.
l.380 ...urrent\_best \gets \max(islands[i], \text
                                                  {key} = \lambda x: x.fitne...
The control sequence at the end of the top line
of your error message was never \def'ed. If you have
misspelled it (e.g., `\hobx'), type `I' and the correct
spelling (e.g., `I\hbox'). Otherwise just continue,
and I'll forget about whatever was undefined.


Underfull \hbox (badness 1163) in paragraph at lines 388--388
[] []\OT1/cmr/bx/n/10 if $\OML/cmm/m/it/10 termination[]type \OT1/cmr/m/n/10 = \OML/cmm/m/it/10 TerminationType:GENERATIONS$ \OT1/cmr/m/n/10 and
 []


Overfull \hbox (59.00732pt too wide) in paragraph at lines 412--413
[] []$\OML/cmm/m/it/10 offspring[]fitnesses \OMS/cmsy/m/n/10   \OML/cmm/m/it/10 evaluate[]population[]parallel\OT1/cmr/m/n/10 (\OML/cmm/m/it/10 G; offspring[]colorings; pool\OT1/cmr/m/n/10 )$ 
 []


Overfull \hbox (3.23257pt too wide) in paragraph at lines 424--425
[] []$\OML/cmm/m/it/10 new[]population:append\OT1/cmr/m/n/10 (\OML/cmm/m/it/10 Individual\OT1/cmr/m/n/10 (\OML/cmm/m/it/10 child\OT1/cmr/m/n/10 1[]\OML/cmm/m/it/10 coloring; child\OT1/cmr/m/n/10 1[]\OML/cmm/m/it/10 fitness\OT1/cmr/m/n/10 ))$ 
 []


Overfull \hbox (3.23257pt too wide) in paragraph at lines 425--426
[] []$\OML/cmm/m/it/10 new[]population:append\OT1/cmr/m/n/10 (\OML/cmm/m/it/10 Individual\OT1/cmr/m/n/10 (\OML/cmm/m/it/10 child\OT1/cmr/m/n/10 2[]\OML/cmm/m/it/10 coloring; child\OT1/cmr/m/n/10 2[]\OML/cmm/m/it/10 fitness\OT1/cmr/m/n/10 ))$ 
 []

/home/kajetan/Documents/GraphColoring/pseudocode/pseudocode.tex:432: Undefined control sequence.
<argument> $generation > 0$ and $generation \mod 
                                                 migration\_interval = 0$
l.432 ...generation \mod migration\_interval = 0$}
                                                  
The control sequence at the end of the top line
of your error message was never \def'ed. If you have
misspelled it (e.g., `\hobx'), type `I' and the correct
spelling (e.g., `I\hbox'). Otherwise just continue,
and I'll forget about whatever was undefined.

/home/kajetan/Documents/GraphColoring/pseudocode/pseudocode.tex:436: Undefined control sequence.
l.436 ...  \STATE $next\_island \gets (i + 1) \mod
                                                   num\_islands$
The control sequence at the end of the top line
of your error message was never \def'ed. If you have
misspelled it (e.g., `\hobx'), type `I' and the correct
spelling (e.g., `I\hbox'). Otherwise just continue,
and I'll forget about whatever was undefined.


Overfull \hbox (40.52168pt too wide) in paragraph at lines 437--438
[] []$\OML/cmm/m/it/10 replace[]indices \OMS/cmsy/m/n/10   \OML/cmm/m/it/10 random:sample\OT1/cmr/m/n/10 (\OML/cmm/m/it/10 range\OT1/cmr/m/n/10 (\OML/cmm/m/it/10 island[]size\OT1/cmr/m/n/10 )\OML/cmm/m/it/10 ; migrants[]per[]island\OT1/cmr/m/n/10 )$ 
 []


LaTeX Warning: Float too large for page by 596.42215pt on input line 448.

[1

{/var/lib/texmf/fonts/map/pdftex/updmap/pdftex.map}] [2] [3] [4] [5] [6] [7] [8] [9] (./pseudocode.aux) ) 
Here is how much of TeX's memory you used:
 793 strings out of 478287
 13872 string characters out of 5849289
 390570 words of memory out of 5000000
 19048 multiletter control sequences out of 15000+600000
 470471 words of font info for 32 fonts, out of 8000000 for 9000
 1141 hyphenation exceptions out of 8191
 40i,10n,48p,466b,809s stack positions out of 5000i,500n,10000p,200000b,80000s
</usr/share/texlive/texmf-dist/fonts/type1/public/amsfonts/cm/cmbx10.pfb></usr/share/texlive/texmf-dist/fonts/type1/public/amsfonts/cm/cmbx12.pfb></usr/share/texlive/texmf-dist/fonts/type1/public/amsfonts/cm/cmmi10.pfb></usr/share/texlive/texmf-dist/fonts/type1/public/amsfonts/cm/cmmi7.pfb></usr/share/texlive/texmf-dist/fonts/type1/public/amsfonts/cm/cmr10.pfb></usr/share/texlive/texmf-dist/fonts/type1/public/amsfonts/cm/cmr7.pfb></usr/share/texlive/texmf-dist/fonts/type1/public/amsfonts/cm/cmr8.pfb></usr/share/texlive/texmf-dist/fonts/type1/public/amsfonts/cm/cmsy10.pfb></usr/share/texlive/texmf-dist/fonts/type1/public/amsfonts/cm/cmsy7.pfb>
Output written on pseudocode.pdf (9 pages, 143338 bytes).
PDF statistics:
 79 PDF objects out of 1000 (max. 8388607)
 49 compressed objects within 1 object stream
 0 named destinations out of 1000 (max. 500000)
 1 words of extra memory for PDF output out of 10000 (max. 10000000)

